# JRE version: Java(TM) SE Runtime Environment (17.0.12+8) (build 17.0.12+8-LTS-286)
# Java VM: Java HotSpot(TM) 64-Bit Server VM (17.0.12+8-LTS-286, mixed mode, sharing, tiered, compressed oops, compressed class ptrs, g1 gc, windows-amd64)
GC Precious Log:
 CPUs: 4 total, 4 available
 Memory: 7934M
 Large Page Support: Disabled
 NUMA Support: Disabled
 Compressed Oops: Enabled (Zero based)
 Heap Region Size: 2M
 Heap Min Capacity: 8M
 Heap Initial Capacity: 124M
 Heap Max Capacity: 4G
 Pre-touch: Disabled
 Parallel Workers: 4
 Concurrent Workers: 1
 Concurrent Refinement Workers: 4
 Periodic GC: Disabled
Heap:
 garbage-first heap   total 163840K, used 135495K [0x0000000700000000, 0x0000000800000000)
  region size 2048K, 23 young (47104K), 2 survivors (4096K)
 Metaspace       used 105832K, committed 106432K, reserved 1179648K
  class space    used 13653K, committed 13952K, reserved 1048576K
GC Heap History (20 events):
Event: 74.342 GC heap before
{Heap before GC invocations=33 (full 0):
 garbage-first heap   total 147456K, used 85312K [0x0000000700000000, 0x0000000800000000)
  region size 2048K, 3 young (6144K), 1 survivors (2048K)
 Metaspace       used 76117K, committed 76672K, reserved 1179648K
  class space    used 10161K, committed 10432K, reserved 1048576K
}
Event: 74.353 GC heap after
{Heap after GC invocations=34 (full 0):
 garbage-first heap   total 147456K, used 81619K [0x0000000700000000, 0x0000000800000000)
  region size 2048K, 1 young (2048K), 1 survivors (2048K)
 Metaspace       used 76117K, committed 76672K, reserved 1179648K
  class space    used 10161K, committed 10432K, reserved 1048576K
}
Event: 76.780 GC heap before
{Heap before GC invocations=34 (full 0):
 garbage-first heap   total 147456K, used 118483K [0x0000000700000000, 0x0000000800000000)
  region size 2048K, 19 young (38912K), 1 survivors (2048K)
 Metaspace       used 80296K, committed 80960K, reserved 1179648K
  class space    used 10680K, committed 11008K, reserved 1048576K
}
Event: 76.787 GC heap after
{Heap after GC invocations=35 (full 0):
 garbage-first heap   total 147456K, used 83833K [0x0000000700000000, 0x0000000800000000)
  region size 2048K, 2 young (4096K), 2 survivors (4096K)
 Metaspace       used 80296K, committed 80960K, reserved 1179648K
  class space    used 10680K, committed 11008K, reserved 1048576K
}
Event: 77.899 GC heap before
{Heap before GC invocations=36 (full 0):
 garbage-first heap   total 163840K, used 118649K [0x0000000700000000, 0x0000000800000000)
  region size 2048K, 19 young (38912K), 2 survivors (4096K)
 Metaspace       used 81157K, committed 81792K, reserved 1179648K
  class space    used 10782K, committed 11072K, reserved 1048576K
}
Event: 77.906 GC heap after
{Heap after GC invocations=37 (full 0):
 garbage-first heap   total 163840K, used 85338K [0x0000000700000000, 0x0000000800000000)
  region size 2048K, 3 young (6144K), 3 survivors (6144K)
 Metaspace       used 81157K, committed 81792K, reserved 1179648K
  class space    used 10782K, committed 11072K, reserved 1048576K
}
Event: 77.922 GC heap before
{Heap before GC invocations=37 (full 0):
 garbage-first heap   total 163840K, used 87386K [0x0000000700000000, 0x0000000800000000)
  region size 2048K, 4 young (8192K), 3 survivors (6144K)
 Metaspace       used 81161K, committed 81792K, reserved 1179648K
  class space    used 10782K, committed 11072K, reserved 1048576K
}
Event: 77.931 GC heap after
{Heap after GC invocations=38 (full 0):
 garbage-first heap   total 163840K, used 84878K [0x0000000700000000, 0x0000000800000000)
  region size 2048K, 1 young (2048K), 1 survivors (2048K)
 Metaspace       used 81161K, committed 81792K, reserved 1179648K
  class space    used 10782K, committed 11072K, reserved 1048576K
}
Event: 80.461 GC heap before
{Heap before GC invocations=38 (full 0):
 garbage-first heap   total 163840K, used 131982K [0x0000000700000000, 0x0000000800000000)
  region size 2048K, 24 young (49152K), 1 survivors (2048K)
 Metaspace       used 84074K, committed 84736K, reserved 1179648K
  class space    used 11086K, committed 11392K, reserved 1048576K
}
Event: 80.469 GC heap after
{Heap after GC invocations=39 (full 0):
 garbage-first heap   total 163840K, used 87841K [0x0000000700000000, 0x0000000800000000)
  region size 2048K, 2 young (4096K), 2 survivors (4096K)
 Metaspace       used 84074K, committed 84736K, reserved 1179648K
  class space    used 11086K, committed 11392K, reserved 1048576K
}
Event: 83.249 GC heap before
{Heap before GC invocations=40 (full 0):
 garbage-first heap   total 163840K, used 130849K [0x0000000700000000, 0x0000000800000000)
  region size 2048K, 24 young (49152K), 2 survivors (4096K)
 Metaspace       used 87868K, committed 88448K, reserved 1179648K
  class space    used 11494K, committed 11776K, reserved 1048576K
}
Event: 83.260 GC heap after
{Heap after GC invocations=41 (full 0):
 garbage-first heap   total 163840K, used 90877K [0x0000000700000000, 0x0000000800000000)
  region size 2048K, 2 young (4096K), 2 survivors (4096K)
 Metaspace       used 87868K, committed 88448K, reserved 1179648K
  class space    used 11494K, committed 11776K, reserved 1048576K
}
Event: 83.542 GC heap before
{Heap before GC invocations=41 (full 0):
 garbage-first heap   total 163840K, used 94973K [0x0000000700000000, 0x0000000800000000)
  region size 2048K, 4 young (8192K), 2 survivors (4096K)
 Metaspace       used 88415K, committed 89024K, reserved 1179648K
  class space    used 11541K, committed 11840K, reserved 1048576K
}
Event: 83.550 GC heap after
{Heap after GC invocations=42 (full 0):
 garbage-first heap   total 163840K, used 91102K [0x0000000700000000, 0x0000000800000000)
  region size 2048K, 1 young (2048K), 1 survivors (2048K)
 Metaspace       used 88415K, committed 89024K, reserved 1179648K
  class space    used 11541K, committed 11840K, reserved 1048576K
}
Event: 86.267 GC heap before
{Heap before GC invocations=42 (full 0):
 garbage-first heap   total 163840K, used 134110K [0x0000000700000000, 0x0000000800000000)
  region size 2048K, 22 young (45056K), 1 survivors (2048K)
 Metaspace       used 93100K, committed 93696K, reserved 1179648K
  class space    used 12124K, committed 12416K, reserved 1048576K
}
Event: 86.274 GC heap after
{Heap after GC invocations=43 (full 0):
 garbage-first heap   total 163840K, used 92246K [0x0000000700000000, 0x0000000800000000)
  region size 2048K, 1 young (2048K), 1 survivors (2048K)
 Metaspace       used 93100K, committed 93696K, reserved 1179648K
  class space    used 12124K, committed 12416K, reserved 1048576K
}
Event: 89.276 GC heap before
{Heap before GC invocations=44 (full 0):
 garbage-first heap   total 163840K, used 135254K [0x0000000700000000, 0x0000000800000000)
  region size 2048K, 22 young (45056K), 1 survivors (2048K)
 Metaspace       used 99346K, committed 99968K, reserved 1179648K
  class space    used 12750K, committed 13056K, reserved 1048576K
}
Event: 89.282 GC heap after
{Heap after GC invocations=45 (full 0):
 garbage-first heap   total 163840K, used 93142K [0x0000000700000000, 0x0000000800000000)
  region size 2048K, 2 young (4096K), 2 survivors (4096K)
 Metaspace       used 99346K, committed 99968K, reserved 1179648K
  class space    used 12750K, committed 13056K, reserved 1048576K
}
Event: 91.633 GC heap before
{Heap before GC invocations=45 (full 0):
 garbage-first heap   total 163840K, used 136150K [0x0000000700000000, 0x0000000800000000)
  region size 2048K, 23 young (47104K), 2 survivors (4096K)
 Metaspace       used 103640K, committed 104256K, reserved 1179648K
  class space    used 13304K, committed 13632K, reserved 1048576K
}
Event: 91.644 GC heap after
{Heap after GC invocations=46 (full 0):
 garbage-first heap   total 163840K, used 94535K [0x0000000700000000, 0x0000000800000000)
  region size 2048K, 2 young (4096K), 2 survivors (4096K)
 Metaspace       used 103640K, committed 104256K, reserved 1179648K
  class space    used 13304K, committed 13632K, reserved 1048576K
}

